<?xml version="1.0" encoding="UTF-8"?>
<coverage generated="1688377567573" clover="3.2.0">
  <project timestamp="1688377567574" name="All files">
    <metrics statements="9" coveredstatements="9" conditionals="2" coveredconditionals="2" methods="3" coveredmethods="3" elements="14" coveredelements="14" complexity="0" loc="9" ncloc="9" packages="1" files="2" classes="2"/>
    <file name="Categories.tsx" path="/home/heri/Projects/clothing-store/src/components/Categories/Categories.tsx">
      <metrics statements="7" coveredstatements="7" conditionals="2" coveredconditionals="2" methods="3" coveredmethods="3"/>
      <line num="6" count="1" type="stmt"/>
      <line num="8" count="1" type="stmt"/>
      <line num="10" count="1" type="stmt"/>
      <line num="14" count="6" type="stmt"/>
      <line num="17" count="24" type="stmt"/>
      <line num="23" count="1" type="stmt"/>
      <line num="28" count="26" type="stmt"/>
    </file>
    <file name="defaultValue.tsx" path="/home/heri/Projects/clothing-store/src/components/Categories/defaultValue.tsx">
      <metrics statements="2" coveredstatements="2" conditionals="0" coveredconditionals="0" methods="0" coveredmethods="0"/>
      <line num="3" count="1" type="stmt"/>
      <line num="31" count="1" type="stmt"/>
    </file>
  </project>
</coverage>
