{"/home/heri/Projects/clothing-store/src/components/Categories/Categories.tsx": {"path":"/home/heri/Projects/clothing-store/src/components/Categories/Categories.tsx","statementMap":{"0":{"start":{"line":6,"column":0},"end":{"line":6,"column":33}},"1":{"start":{"line":8,"column":0},"end":{"line":8,"column":63}},"2":{"start":{"line":14,"column":2},"end":{"line":20,"column":4}},"3":{"start":{"line":17,"column":8},"end":{"line":17,"column":27}},"4":{"start":{"line":10,"column":0},"end":{"line":10,"column":16}},"5":{"start":{"line":28,"column":2},"end":{"line":41,"column":4}},"6":{"start":{"line":23,"column":0},"end":{"line":23,"column":16}}},"fnMap":{"0":{"name":"Categories","decl":{"start":{"line":10,"column":16},"end":{"line":10,"column":26}},"loc":{"start":{"line":13,"column":18},"end":{"line":21,"column":1}}},"1":{"name":"(anonymous_1)","decl":{"start":{"line":16,"column":24},"end":{"line":16,"column":25}},"loc":{"start":{"line":17,"column":8},"end":{"line":17,"column":27}}},"2":{"name":"Category","decl":{"start":{"line":23,"column":16},"end":{"line":23,"column":24}},"loc":{"start":{"line":27,"column":16},"end":{"line":42,"column":1}}}},"branchMap":{"0":{"loc":{"start":{"line":11,"column":2},"end":{"line":11,"column":34}},"type":"default-arg","locations":[{"start":{"line":11,"column":17},"end":{"line":11,"column":34}}]},"1":{"loc":{"start":{"line":12,"column":2},"end":{"line":12,"column":18}},"type":"default-arg","locations":[{"start":{"line":12,"column":8},"end":{"line":12,"column":18}}]}},"s":{"0":1,"1":1,"2":6,"3":24,"4":1,"5":26,"6":1},"f":{"0":6,"1":24,"2":26},"b":{"0":[3],"1":[3]}}
,"/home/heri/Projects/clothing-store/src/components/Categories/defaultValue.tsx": {"path":"/home/heri/Projects/clothing-store/src/components/Categories/defaultValue.tsx","statementMap":{"0":{"start":{"line":3,"column":13},"end":{"line":29,"column":2}},"1":{"start":{"line":31,"column":13},"end":{"line":31,"column":37}}},"fnMap":{},"branchMap":{},"s":{"0":1,"1":1},"f":{},"b":{}}
}
